<?xml version="1.0" encoding="UTF-8"?>
<!-- Generated by org.testng.reporters.JUnitXMLReporter -->
<testsuite ignored="0" hostname="Nuvobook_V1" failures="0" tests="3" name="Default test" time="22.797" errors="0" timestamp="2024-06-23T11:41:53 IST">
  <testcase classname="Registration.Registration_1" name="Add_To_Cart" time="2.033"/>
  <testcase classname="Registration.Registration_1" name="product_search" time="2.082"/>
  <testcase classname="Registration.Registration_1" name="user_registration" time="12.494"/>
</testsuite> <!-- Default test -->
