<?xml version="1.0" encoding="UTF-8"?>
<testng-results ignored="0" total="3" passed="3" failed="0" skipped="0">
  <reporter-output>
  </reporter-output>
  <suite started-at="2024-06-23T11:41:30 IST" name="Default suite" finished-at="2024-06-23T11:41:53 IST" duration-ms="22797">
    <groups>
    </groups>
    <test started-at="2024-06-23T11:41:30 IST" name="Default test" finished-at="2024-06-23T11:41:53 IST" duration-ms="22797">
      <class name="Registration.Registration_1">
        <test-method is-config="true" signature="setup()[pri:0, instance:Registration.Registration_1@5386659f]" started-at="2024-06-23T11:41:30 IST" name="setup" finished-at="2024-06-23T11:41:36 IST" duration-ms="6154" status="PASS">
          <reporter-output>
          </reporter-output>
        </test-method> <!-- setup -->
        <test-method signature="Add_To_Cart()[pri:0, instance:Registration.Registration_1@5386659f]" started-at="2024-06-23T11:41:36 IST" name="Add_To_Cart" finished-at="2024-06-23T11:41:38 IST" duration-ms="2033" status="PASS">
          <reporter-output>
          </reporter-output>
        </test-method> <!-- Add_To_Cart -->
        <test-method signature="product_search()[pri:0, instance:Registration.Registration_1@5386659f]" started-at="2024-06-23T11:41:38 IST" name="product_search" finished-at="2024-06-23T11:41:40 IST" duration-ms="2082" status="PASS">
          <reporter-output>
          </reporter-output>
        </test-method> <!-- product_search -->
        <test-method signature="user_registration()[pri:0, instance:Registration.Registration_1@5386659f]" started-at="2024-06-23T11:41:40 IST" name="user_registration" finished-at="2024-06-23T11:41:53 IST" duration-ms="12494" status="PASS">
          <reporter-output>
          </reporter-output>
        </test-method> <!-- user_registration -->
      </class> <!-- Registration.Registration_1 -->
    </test> <!-- Default test -->
  </suite> <!-- Default suite -->
</testng-results>
